<?xml version="1.0" encoding="UTF-8"?>
<!-- Generated by org.testng.reporters.JUnitReportReporter -->
<testsuite hostname="systimanx" failures="0" tests="2" name="com.systima.medbot.testcases.LoginPageTest" time="5.278" errors="0" timestamp="2024-10-10T10:50:49 IST" skipped="0">
  <testcase classname="com.systima.medbot.testcases.LoginPageTest" name="medbotlogin" time="2.135"/>
  <testcase classname="com.systima.medbot.testcases.LoginPageTest" name="medbotlogin" time="3.143"/>
</testsuite> <!-- com.systima.medbot.testcases.LoginPageTest -->
